<?xml version="1.0" encoding="UTF-8"?>
<testng-results ignored="0" total="8" passed="8" failed="0" skipped="0">
  <reporter-output>
  </reporter-output>
  <suite started-at="2023-08-12T10:49:25 EDT" name="Default suite" finished-at="2023-08-12T10:49:53 EDT" duration-ms="28453">
    <groups>
    </groups>
    <test started-at="2023-08-12T10:49:25 EDT" name="Default test" finished-at="2023-08-12T10:49:53 EDT" duration-ms="28453">
      <class name="selinium.FirstTest">
        <test-method signature="EditCustomerTest()[pri:0, instance:selinium.FirstTest@6e0f5f7f]" started-at="2023-08-12T10:49:25 EDT" name="EditCustomerTest" finished-at="2023-08-12T10:49:31 EDT" duration-ms="6129" status="PASS">
          <reporter-output>
          </reporter-output>
        </test-method> <!-- EditCustomerTest -->
        <test-method signature="addnewCustomerTest()[pri:0, instance:selinium.FirstTest@6e0f5f7f]" started-at="2023-08-12T10:49:31 EDT" name="addnewCustomerTest" finished-at="2023-08-12T10:49:35 EDT" duration-ms="3729" status="PASS">
          <reporter-output>
          </reporter-output>
        </test-method> <!-- addnewCustomerTest -->
        <test-method signature="deleteCustomerTest()[pri:0, instance:selinium.FirstTest@6e0f5f7f]" started-at="2023-08-12T10:49:35 EDT" name="deleteCustomerTest" finished-at="2023-08-12T10:49:38 EDT" duration-ms="3564" status="PASS">
          <reporter-output>
          </reporter-output>
        </test-method> <!-- deleteCustomerTest -->
        <test-method signature="logOutTest()[pri:0, instance:selinium.FirstTest@6e0f5f7f]" started-at="2023-08-12T10:49:38 EDT" name="logOutTest" finished-at="2023-08-12T10:49:41 EDT" duration-ms="3088" status="PASS">
          <reporter-output>
          </reporter-output>
        </test-method> <!-- logOutTest -->
        <test-method signature="loginWithInvalidPassword()[pri:0, instance:selinium.FirstTest@6e0f5f7f]" started-at="2023-08-12T10:49:41 EDT" name="loginWithInvalidPassword" finished-at="2023-08-12T10:49:44 EDT" duration-ms="2912" status="PASS">
          <reporter-output>
          </reporter-output>
        </test-method> <!-- loginWithInvalidPassword -->
        <test-method signature="loginWithInvalidUserName()[pri:0, instance:selinium.FirstTest@6e0f5f7f]" started-at="2023-08-12T10:49:44 EDT" name="loginWithInvalidUserName" finished-at="2023-08-12T10:49:47 EDT" duration-ms="2671" status="PASS">
          <reporter-output>
          </reporter-output>
        </test-method> <!-- loginWithInvalidUserName -->
        <test-method signature="loginWithSuccessTest()[pri:0, instance:selinium.FirstTest@6e0f5f7f]" started-at="2023-08-12T10:49:47 EDT" name="loginWithSuccessTest" finished-at="2023-08-12T10:49:50 EDT" duration-ms="3033" status="PASS">
          <reporter-output>
          </reporter-output>
        </test-method> <!-- loginWithSuccessTest -->
        <test-method signature="resetBtnTest()[pri:0, instance:selinium.FirstTest@6e0f5f7f]" started-at="2023-08-12T10:49:50 EDT" name="resetBtnTest" finished-at="2023-08-12T10:49:53 EDT" duration-ms="3260" status="PASS">
          <reporter-output>
          </reporter-output>
        </test-method> <!-- resetBtnTest -->
      </class> <!-- selinium.FirstTest -->
    </test> <!-- Default test -->
  </suite> <!-- Default suite -->
</testng-results>
