<?xml version="1.0" encoding="UTF-8"?>
<!-- Generated by org.testng.reporters.JUnitXMLReporter -->
<testsuite ignored="0" hostname="DESKTOP-PTBNG31" failures="0" tests="8" name="Default test" time="28.453" errors="0" timestamp="2023-08-12T10:49:53 EDT">
  <testcase classname="selinium.FirstTest" name="EditCustomerTest" time="6.129"/>
  <testcase classname="selinium.FirstTest" name="addnewCustomerTest" time="3.729"/>
  <testcase classname="selinium.FirstTest" name="deleteCustomerTest" time="3.564"/>
  <testcase classname="selinium.FirstTest" name="logOutTest" time="3.088"/>
  <testcase classname="selinium.FirstTest" name="loginWithInvalidPassword" time="2.912"/>
  <testcase classname="selinium.FirstTest" name="loginWithInvalidUserName" time="2.671"/>
  <testcase classname="selinium.FirstTest" name="loginWithSuccessTest" time="3.033"/>
  <testcase classname="selinium.FirstTest" name="resetBtnTest" time="3.26"/>
</testsuite> <!-- Default test -->
